<?xml version="1.0" encoding="UTF-8"?>
<!-- Generated by org.testng.reporters.JUnitReportReporter -->
<testsuite skipped="0" hostname="DESKTOP-LIN7R2S" name="com.testng.home" tests="6" failures="0" timestamp="2022-01-24T14:31:54 IST" time="0.177" errors="0">
  <testcase name="APIHome" time="0.065" classname="com.testng.home"/>
  <system-out/>
  <testcase name="WebHome" time="0.047" classname="com.testng.home"/>
  <system-out/>
  <testcase name="WebLogin" time="0.021" classname="com.testng.home"/>
  <system-out/>
  <testcase name="APILogin" time="0.021" classname="com.testng.home"/>
  <system-out/>
  <testcase name="MobileLogin" time="0.022" classname="com.testng.home"/>
  <system-out/>
  <testcase name="MobileHome" time="0.001" classname="com.testng.home"/>
  <system-out/>
</testsuite> <!-- com.testng.home -->
