<?xml version="1.0" encoding="UTF-8"?>
<!-- Generated by org.testng.reporters.JUnitReportReporter -->
<testsuite skipped="0" hostname="DESKTOP-LIN7R2S" name="com.testng.login" tests="3" failures="0" timestamp="2022-01-24T14:31:54 IST" time="0.032" errors="0">
  <testcase name="MobileLogin" time="0.009" classname="com.testng.login"/>
  <system-out/>
  <testcase name="APILogin" time="0.012" classname="com.testng.login"/>
  <system-out/>
  <testcase name="WebLogin" time="0.011" classname="com.testng.login"/>
  <system-out/>
</testsuite> <!-- com.testng.login -->
