<?xml version="1.0" encoding="UTF-8"?>
<!-- Generated by org.testng.reporters.JUnitReportReporter -->
<testsuite skipped="0" hostname="DESKTOP-LIN7R2S" name="com.testng.dataProvider" tests="3" failures="0" timestamp="2022-01-24T13:54:58 IST" time="0.008" errors="0">
  <testcase name="test" time="0.003" classname="com.testng.dataProvider"/>
  <system-out/>
  <testcase name="test" time="0.003" classname="com.testng.dataProvider"/>
  <system-out/>
  <testcase name="test" time="0.002" classname="com.testng.dataProvider"/>
  <system-out/>
</testsuite> <!-- com.testng.dataProvider -->
