<?xml version="1.0" encoding="UTF-8"?>
<!-- Generated by org.testng.reporters.JUnitReportReporter -->
<testsuite skipped="0" hostname="DESKTOP-LIN7R2S" name="com.testng.logout" tests="9" failures="0" timestamp="2022-01-24T14:31:54 IST" time="0.092" errors="0">
  <testcase name="MobileLogin" time="0.019" classname="com.testng.logout"/>
  <system-out/>
  <testcase name="MobileLogout" time="0.004" classname="com.testng.logout"/>
  <system-out/>
  <testcase name="WebHome" time="0.024" classname="com.testng.logout"/>
  <system-out/>
  <testcase name="MobileHome" time="0.002" classname="com.testng.logout"/>
  <system-out/>
  <testcase name="APILogin" time="0.015" classname="com.testng.logout"/>
  <system-out/>
  <testcase name="WebLogin" time="0.017" classname="com.testng.logout"/>
  <system-out/>
  <testcase name="APILogout" time="0.005" classname="com.testng.logout"/>
  <system-out/>
  <testcase name="APIHome" time="0.005" classname="com.testng.logout"/>
  <system-out/>
  <testcase name="WebLogout" time="0.001" classname="com.testng.logout"/>
  <system-out/>
</testsuite> <!-- com.testng.logout -->
