<?xml version="1.0" encoding="UTF-8"?>
<!-- Generated by org.testng.reporters.JUnitReportReporter -->
<testsuite skipped="0" hostname="DESKTOP-LIN7R2S" name="com.testng.login" tests="3" failures="0" timestamp="2022-01-24T13:40:41 IST" time="0.003" errors="0">
  <testcase name="MobileLogin" time="0.001" classname="com.testng.login"/>
  <system-out/>
  <testcase name="WebLogin" time="0.001" classname="com.testng.login"/>
  <system-out/>
  <testcase name="APILogin" time="0.001" classname="com.testng.login"/>
  <system-out/>
</testsuite> <!-- com.testng.login -->
