<?xml version="1.0" encoding="UTF-8"?>
<!-- Generated by org.testng.reporters.JUnitReportReporter -->
<testsuite skipped="0" hostname="DESKTOP-LIN7R2S" name="com.testng.day2" tests="3" failures="0" timestamp="2022-01-24T10:30:04 IST" time="0.007" errors="0">
  <testcase name="APILogin" time="0.002" classname="com.testng.day2"/>
  <system-out/>
  <testcase name="WebLogin" time="0.003" classname="com.testng.day2"/>
  <system-out/>
  <testcase name="MobileLogin" time="0.002" classname="com.testng.day2"/>
  <system-out/>
</testsuite> <!-- com.testng.day2 -->
