<?xml version="1.0" encoding="UTF-8"?>
<!-- Generated by org.testng.reporters.JUnitReportReporter -->
<testsuite skipped="1" hostname="DESKTOP-LIN7R2S" name="com.testng.testngBasics" tests="2" failures="0" timestamp="2022-01-24T13:54:58 IST" time="0.016" errors="0">
  <testcase name="Demo" time="0.016" classname="com.testng.testngBasics"/>
  <system-out/>
  <testcase name="Bye" classname="com.testng.testngBasics">
    <skipped/>
  </testcase> <!-- Bye -->
  <system-out/>
</testsuite> <!-- com.testng.testngBasics -->
